Determining if the pthread_create exist failed with the following output:
Change Dir: /home/leticia/Videos/OPENGL/CMakeFiles/CMakeTmp

Run Build Command:"/usr/bin/make" "cmTC_1272c/fast"
/usr/bin/make -f CMakeFiles/cmTC_1272c.dir/build.make CMakeFiles/cmTC_1272c.dir/build
make[1]: Entering directory '/home/leticia/Videos/OPENGL/CMakeFiles/CMakeTmp'
Building C object CMakeFiles/cmTC_1272c.dir/CheckSymbolExists.c.o
/usr/bin/cc     -o CMakeFiles/cmTC_1272c.dir/CheckSymbolExists.c.o   -c /home/leticia/Videos/OPENGL/CMakeFiles/CMakeTmp/CheckSymbolExists.c
Linking C executable cmTC_1272c
/usr/bin/cmake -E cmake_link_script CMakeFiles/cmTC_1272c.dir/link.txt --verbose=1
/usr/bin/cc       CMakeFiles/cmTC_1272c.dir/CheckSymbolExists.c.o  -o cmTC_1272c 
CMakeFiles/cmTC_1272c.dir/CheckSymbolExists.c.o: In function `main':
CheckSymbolExists.c:(.text+0x16): undefined reference to `pthread_create'
collect2: error: ld returned 1 exit status
CMakeFiles/cmTC_1272c.dir/build.make:97: recipe for target 'cmTC_1272c' failed
make[1]: *** [cmTC_1272c] Error 1
make[1]: Leaving directory '/home/leticia/Videos/OPENGL/CMakeFiles/CMakeTmp'
Makefile:126: recipe for target 'cmTC_1272c/fast' failed
make: *** [cmTC_1272c/fast] Error 2

File /home/leticia/Videos/OPENGL/CMakeFiles/CMakeTmp/CheckSymbolExists.c:
/* */
#include <pthread.h>

int main(int argc, char** argv)
{
  (void)argv;
#ifndef pthread_create
  return ((int*)(&pthread_create))[argc];
#else
  (void)argc;
  return 0;
#endif
}

Determining if the function pthread_create exists in the pthreads failed with the following output:
Change Dir: /home/leticia/Videos/OPENGL/CMakeFiles/CMakeTmp

Run Build Command:"/usr/bin/make" "cmTC_45166/fast"
/usr/bin/make -f CMakeFiles/cmTC_45166.dir/build.make CMakeFiles/cmTC_45166.dir/build
make[1]: Entering directory '/home/leticia/Videos/OPENGL/CMakeFiles/CMakeTmp'
Building C object CMakeFiles/cmTC_45166.dir/CheckFunctionExists.c.o
/usr/bin/cc    -DCHECK_FUNCTION_EXISTS=pthread_create   -o CMakeFiles/cmTC_45166.dir/CheckFunctionExists.c.o   -c /usr/share/cmake-3.5/Modules/CheckFunctionExists.c
Linking C executable cmTC_45166
/usr/bin/cmake -E cmake_link_script CMakeFiles/cmTC_45166.dir/link.txt --verbose=1
/usr/bin/cc   -DCHECK_FUNCTION_EXISTS=pthread_create    CMakeFiles/cmTC_45166.dir/CheckFunctionExists.c.o  -o cmTC_45166 -lpthreads 
/usr/bin/ld: cannot find -lpthreads
collect2: error: ld returned 1 exit status
CMakeFiles/cmTC_45166.dir/build.make:97: recipe for target 'cmTC_45166' failed
make[1]: *** [cmTC_45166] Error 1
make[1]: Leaving directory '/home/leticia/Videos/OPENGL/CMakeFiles/CMakeTmp'
Makefile:126: recipe for target 'cmTC_45166/fast' failed
make: *** [cmTC_45166/fast] Error 2


Determining if the pthread_create exist failed with the following output:
Change Dir: /home/leticia/Videos/Tarea2/CMakeFiles/CMakeTmp

Run Build Command:"/usr/bin/make" "cmTC_b362b/fast"
/usr/bin/make -f CMakeFiles/cmTC_b362b.dir/build.make CMakeFiles/cmTC_b362b.dir/build
make[1]: Entering directory '/home/leticia/Videos/Tarea2/CMakeFiles/CMakeTmp'
Building C object CMakeFiles/cmTC_b362b.dir/CheckSymbolExists.c.o
/usr/bin/cc     -o CMakeFiles/cmTC_b362b.dir/CheckSymbolExists.c.o   -c /home/leticia/Videos/Tarea2/CMakeFiles/CMakeTmp/CheckSymbolExists.c
Linking C executable cmTC_b362b
/usr/bin/cmake -E cmake_link_script CMakeFiles/cmTC_b362b.dir/link.txt --verbose=1
/usr/bin/cc       CMakeFiles/cmTC_b362b.dir/CheckSymbolExists.c.o  -o cmTC_b362b 
CMakeFiles/cmTC_b362b.dir/CheckSymbolExists.c.o: In function `main':
CheckSymbolExists.c:(.text+0x16): undefined reference to `pthread_create'
collect2: error: ld returned 1 exit status
CMakeFiles/cmTC_b362b.dir/build.make:97: recipe for target 'cmTC_b362b' failed
make[1]: *** [cmTC_b362b] Error 1
make[1]: Leaving directory '/home/leticia/Videos/Tarea2/CMakeFiles/CMakeTmp'
Makefile:126: recipe for target 'cmTC_b362b/fast' failed
make: *** [cmTC_b362b/fast] Error 2

File /home/leticia/Videos/Tarea2/CMakeFiles/CMakeTmp/CheckSymbolExists.c:
/* */
#include <pthread.h>

int main(int argc, char** argv)
{
  (void)argv;
#ifndef pthread_create
  return ((int*)(&pthread_create))[argc];
#else
  (void)argc;
  return 0;
#endif
}

Determining if the function pthread_create exists in the pthreads failed with the following output:
Change Dir: /home/leticia/Videos/Tarea2/CMakeFiles/CMakeTmp

Run Build Command:"/usr/bin/make" "cmTC_d0532/fast"
/usr/bin/make -f CMakeFiles/cmTC_d0532.dir/build.make CMakeFiles/cmTC_d0532.dir/build
make[1]: Entering directory '/home/leticia/Videos/Tarea2/CMakeFiles/CMakeTmp'
Building C object CMakeFiles/cmTC_d0532.dir/CheckFunctionExists.c.o
/usr/bin/cc    -DCHECK_FUNCTION_EXISTS=pthread_create   -o CMakeFiles/cmTC_d0532.dir/CheckFunctionExists.c.o   -c /usr/share/cmake-3.5/Modules/CheckFunctionExists.c
Linking C executable cmTC_d0532
/usr/bin/cmake -E cmake_link_script CMakeFiles/cmTC_d0532.dir/link.txt --verbose=1
/usr/bin/cc   -DCHECK_FUNCTION_EXISTS=pthread_create    CMakeFiles/cmTC_d0532.dir/CheckFunctionExists.c.o  -o cmTC_d0532 -lpthreads 
/usr/bin/ld: cannot find -lpthreads
collect2: error: ld returned 1 exit status
CMakeFiles/cmTC_d0532.dir/build.make:97: recipe for target 'cmTC_d0532' failed
make[1]: *** [cmTC_d0532] Error 1
make[1]: Leaving directory '/home/leticia/Videos/Tarea2/CMakeFiles/CMakeTmp'
Makefile:126: recipe for target 'cmTC_d0532/fast' failed
make: *** [cmTC_d0532/fast] Error 2


Determining if the pthread_create exist failed with the following output:
Change Dir: /home/richard/Downloads/Tarea2/CMakeFiles/CMakeTmp

Run Build Command:"/usr/bin/make" "cmTC_fcc5c/fast"
/usr/bin/make -f CMakeFiles/cmTC_fcc5c.dir/build.make CMakeFiles/cmTC_fcc5c.dir/build
make[1]: Entering directory '/home/richard/Downloads/Tarea2/CMakeFiles/CMakeTmp'
Building C object CMakeFiles/cmTC_fcc5c.dir/CheckSymbolExists.c.o
/usr/bin/cc     -o CMakeFiles/cmTC_fcc5c.dir/CheckSymbolExists.c.o   -c /home/richard/Downloads/Tarea2/CMakeFiles/CMakeTmp/CheckSymbolExists.c
Linking C executable cmTC_fcc5c
/usr/bin/cmake -E cmake_link_script CMakeFiles/cmTC_fcc5c.dir/link.txt --verbose=1
/usr/bin/cc       CMakeFiles/cmTC_fcc5c.dir/CheckSymbolExists.c.o  -o cmTC_fcc5c 
CMakeFiles/cmTC_fcc5c.dir/CheckSymbolExists.c.o: In function `main':
CheckSymbolExists.c:(.text+0x16): undefined reference to `pthread_create'
collect2: error: ld returned 1 exit status
CMakeFiles/cmTC_fcc5c.dir/build.make:97: recipe for target 'cmTC_fcc5c' failed
make[1]: *** [cmTC_fcc5c] Error 1
make[1]: Leaving directory '/home/richard/Downloads/Tarea2/CMakeFiles/CMakeTmp'
Makefile:126: recipe for target 'cmTC_fcc5c/fast' failed
make: *** [cmTC_fcc5c/fast] Error 2

File /home/richard/Downloads/Tarea2/CMakeFiles/CMakeTmp/CheckSymbolExists.c:
/* */
#include <pthread.h>

int main(int argc, char** argv)
{
  (void)argv;
#ifndef pthread_create
  return ((int*)(&pthread_create))[argc];
#else
  (void)argc;
  return 0;
#endif
}

Determining if the function pthread_create exists in the pthreads failed with the following output:
Change Dir: /home/richard/Downloads/Tarea2/CMakeFiles/CMakeTmp

Run Build Command:"/usr/bin/make" "cmTC_3a031/fast"
/usr/bin/make -f CMakeFiles/cmTC_3a031.dir/build.make CMakeFiles/cmTC_3a031.dir/build
make[1]: Entering directory '/home/richard/Downloads/Tarea2/CMakeFiles/CMakeTmp'
Building C object CMakeFiles/cmTC_3a031.dir/CheckFunctionExists.c.o
/usr/bin/cc    -DCHECK_FUNCTION_EXISTS=pthread_create   -o CMakeFiles/cmTC_3a031.dir/CheckFunctionExists.c.o   -c /usr/share/cmake-3.5/Modules/CheckFunctionExists.c
Linking C executable cmTC_3a031
/usr/bin/cmake -E cmake_link_script CMakeFiles/cmTC_3a031.dir/link.txt --verbose=1
/usr/bin/cc   -DCHECK_FUNCTION_EXISTS=pthread_create    CMakeFiles/cmTC_3a031.dir/CheckFunctionExists.c.o  -o cmTC_3a031 -lpthreads 
/usr/bin/ld: cannot find -lpthreads
collect2: error: ld returned 1 exit status
CMakeFiles/cmTC_3a031.dir/build.make:97: recipe for target 'cmTC_3a031' failed
make[1]: *** [cmTC_3a031] Error 1
make[1]: Leaving directory '/home/richard/Downloads/Tarea2/CMakeFiles/CMakeTmp'
Makefile:126: recipe for target 'cmTC_3a031/fast' failed
make: *** [cmTC_3a031/fast] Error 2


Determining if the pthread_create exist failed with the following output:
Change Dir: /home/leticia/Videos/Tarea2/CMakeFiles/CMakeTmp

Run Build Command:"/usr/bin/make" "cmTC_148ad/fast"
/usr/bin/make -f CMakeFiles/cmTC_148ad.dir/build.make CMakeFiles/cmTC_148ad.dir/build
make[1]: Entering directory '/home/leticia/Videos/Tarea2/CMakeFiles/CMakeTmp'
Building C object CMakeFiles/cmTC_148ad.dir/CheckSymbolExists.c.o
/usr/bin/cc     -o CMakeFiles/cmTC_148ad.dir/CheckSymbolExists.c.o   -c /home/leticia/Videos/Tarea2/CMakeFiles/CMakeTmp/CheckSymbolExists.c
Linking C executable cmTC_148ad
/usr/bin/cmake -E cmake_link_script CMakeFiles/cmTC_148ad.dir/link.txt --verbose=1
/usr/bin/cc       CMakeFiles/cmTC_148ad.dir/CheckSymbolExists.c.o  -o cmTC_148ad 
CMakeFiles/cmTC_148ad.dir/CheckSymbolExists.c.o: In function `main':
CheckSymbolExists.c:(.text+0x16): undefined reference to `pthread_create'
collect2: error: ld returned 1 exit status
CMakeFiles/cmTC_148ad.dir/build.make:97: recipe for target 'cmTC_148ad' failed
make[1]: *** [cmTC_148ad] Error 1
make[1]: Leaving directory '/home/leticia/Videos/Tarea2/CMakeFiles/CMakeTmp'
Makefile:126: recipe for target 'cmTC_148ad/fast' failed
make: *** [cmTC_148ad/fast] Error 2

File /home/leticia/Videos/Tarea2/CMakeFiles/CMakeTmp/CheckSymbolExists.c:
/* */
#include <pthread.h>

int main(int argc, char** argv)
{
  (void)argv;
#ifndef pthread_create
  return ((int*)(&pthread_create))[argc];
#else
  (void)argc;
  return 0;
#endif
}

Determining if the function pthread_create exists in the pthreads failed with the following output:
Change Dir: /home/leticia/Videos/Tarea2/CMakeFiles/CMakeTmp

Run Build Command:"/usr/bin/make" "cmTC_3621c/fast"
/usr/bin/make -f CMakeFiles/cmTC_3621c.dir/build.make CMakeFiles/cmTC_3621c.dir/build
make[1]: Entering directory '/home/leticia/Videos/Tarea2/CMakeFiles/CMakeTmp'
Building C object CMakeFiles/cmTC_3621c.dir/CheckFunctionExists.c.o
/usr/bin/cc    -DCHECK_FUNCTION_EXISTS=pthread_create   -o CMakeFiles/cmTC_3621c.dir/CheckFunctionExists.c.o   -c /usr/share/cmake-3.5/Modules/CheckFunctionExists.c
Linking C executable cmTC_3621c
/usr/bin/cmake -E cmake_link_script CMakeFiles/cmTC_3621c.dir/link.txt --verbose=1
/usr/bin/cc   -DCHECK_FUNCTION_EXISTS=pthread_create    CMakeFiles/cmTC_3621c.dir/CheckFunctionExists.c.o  -o cmTC_3621c -lpthreads 
/usr/bin/ld: cannot find -lpthreads
collect2: error: ld returned 1 exit status
CMakeFiles/cmTC_3621c.dir/build.make:97: recipe for target 'cmTC_3621c' failed
make[1]: *** [cmTC_3621c] Error 1
make[1]: Leaving directory '/home/leticia/Videos/Tarea2/CMakeFiles/CMakeTmp'
Makefile:126: recipe for target 'cmTC_3621c/fast' failed
make: *** [cmTC_3621c/fast] Error 2


Determining if the pthread_create exist failed with the following output:
Change Dir: /home/richard/Documents/LETI/Grafica/CMakeFiles/CMakeTmp

Run Build Command:"/usr/bin/make" "cmTC_409c1/fast"
/usr/bin/make -f CMakeFiles/cmTC_409c1.dir/build.make CMakeFiles/cmTC_409c1.dir/build
make[1]: Entering directory '/home/richard/Documents/LETI/Grafica/CMakeFiles/CMakeTmp'
Building C object CMakeFiles/cmTC_409c1.dir/CheckSymbolExists.c.o
/usr/bin/cc     -o CMakeFiles/cmTC_409c1.dir/CheckSymbolExists.c.o   -c /home/richard/Documents/LETI/Grafica/CMakeFiles/CMakeTmp/CheckSymbolExists.c
Linking C executable cmTC_409c1
/usr/bin/cmake -E cmake_link_script CMakeFiles/cmTC_409c1.dir/link.txt --verbose=1
/usr/bin/cc       CMakeFiles/cmTC_409c1.dir/CheckSymbolExists.c.o  -o cmTC_409c1 
CMakeFiles/cmTC_409c1.dir/CheckSymbolExists.c.o: In function `main':
CheckSymbolExists.c:(.text+0x16): undefined reference to `pthread_create'
collect2: error: ld returned 1 exit status
CMakeFiles/cmTC_409c1.dir/build.make:97: recipe for target 'cmTC_409c1' failed
make[1]: *** [cmTC_409c1] Error 1
make[1]: Leaving directory '/home/richard/Documents/LETI/Grafica/CMakeFiles/CMakeTmp'
Makefile:126: recipe for target 'cmTC_409c1/fast' failed
make: *** [cmTC_409c1/fast] Error 2

File /home/richard/Documents/LETI/Grafica/CMakeFiles/CMakeTmp/CheckSymbolExists.c:
/* */
#include <pthread.h>

int main(int argc, char** argv)
{
  (void)argv;
#ifndef pthread_create
  return ((int*)(&pthread_create))[argc];
#else
  (void)argc;
  return 0;
#endif
}

Determining if the function pthread_create exists in the pthreads failed with the following output:
Change Dir: /home/richard/Documents/LETI/Grafica/CMakeFiles/CMakeTmp

Run Build Command:"/usr/bin/make" "cmTC_63aab/fast"
/usr/bin/make -f CMakeFiles/cmTC_63aab.dir/build.make CMakeFiles/cmTC_63aab.dir/build
make[1]: Entering directory '/home/richard/Documents/LETI/Grafica/CMakeFiles/CMakeTmp'
Building C object CMakeFiles/cmTC_63aab.dir/CheckFunctionExists.c.o
/usr/bin/cc    -DCHECK_FUNCTION_EXISTS=pthread_create   -o CMakeFiles/cmTC_63aab.dir/CheckFunctionExists.c.o   -c /usr/share/cmake-3.5/Modules/CheckFunctionExists.c
Linking C executable cmTC_63aab
/usr/bin/cmake -E cmake_link_script CMakeFiles/cmTC_63aab.dir/link.txt --verbose=1
/usr/bin/cc   -DCHECK_FUNCTION_EXISTS=pthread_create    CMakeFiles/cmTC_63aab.dir/CheckFunctionExists.c.o  -o cmTC_63aab -lpthreads 
/usr/bin/ld: cannot find -lpthreads
collect2: error: ld returned 1 exit status
CMakeFiles/cmTC_63aab.dir/build.make:97: recipe for target 'cmTC_63aab' failed
make[1]: *** [cmTC_63aab] Error 1
make[1]: Leaving directory '/home/richard/Documents/LETI/Grafica/CMakeFiles/CMakeTmp'
Makefile:126: recipe for target 'cmTC_63aab/fast' failed
make: *** [cmTC_63aab/fast] Error 2


Determining if the pthread_create exist failed with the following output:
Change Dir: /home/leticia/Documents/computacion_grafica/Grafica/CMakeFiles/CMakeTmp

Run Build Command:"/usr/bin/make" "cmTC_4eb9d/fast"
/usr/bin/make -f CMakeFiles/cmTC_4eb9d.dir/build.make CMakeFiles/cmTC_4eb9d.dir/build
make[1]: Entering directory '/home/leticia/Documents/computacion_grafica/Grafica/CMakeFiles/CMakeTmp'
Building C object CMakeFiles/cmTC_4eb9d.dir/CheckSymbolExists.c.o
/usr/bin/cc     -o CMakeFiles/cmTC_4eb9d.dir/CheckSymbolExists.c.o   -c /home/leticia/Documents/computacion_grafica/Grafica/CMakeFiles/CMakeTmp/CheckSymbolExists.c
Linking C executable cmTC_4eb9d
/usr/bin/cmake -E cmake_link_script CMakeFiles/cmTC_4eb9d.dir/link.txt --verbose=1
/usr/bin/cc       CMakeFiles/cmTC_4eb9d.dir/CheckSymbolExists.c.o  -o cmTC_4eb9d 
CMakeFiles/cmTC_4eb9d.dir/CheckSymbolExists.c.o: In function `main':
CheckSymbolExists.c:(.text+0x16): undefined reference to `pthread_create'
collect2: error: ld returned 1 exit status
CMakeFiles/cmTC_4eb9d.dir/build.make:97: recipe for target 'cmTC_4eb9d' failed
make[1]: *** [cmTC_4eb9d] Error 1
make[1]: Leaving directory '/home/leticia/Documents/computacion_grafica/Grafica/CMakeFiles/CMakeTmp'
Makefile:126: recipe for target 'cmTC_4eb9d/fast' failed
make: *** [cmTC_4eb9d/fast] Error 2

File /home/leticia/Documents/computacion_grafica/Grafica/CMakeFiles/CMakeTmp/CheckSymbolExists.c:
/* */
#include <pthread.h>

int main(int argc, char** argv)
{
  (void)argv;
#ifndef pthread_create
  return ((int*)(&pthread_create))[argc];
#else
  (void)argc;
  return 0;
#endif
}

Determining if the function pthread_create exists in the pthreads failed with the following output:
Change Dir: /home/leticia/Documents/computacion_grafica/Grafica/CMakeFiles/CMakeTmp

Run Build Command:"/usr/bin/make" "cmTC_c501a/fast"
/usr/bin/make -f CMakeFiles/cmTC_c501a.dir/build.make CMakeFiles/cmTC_c501a.dir/build
make[1]: Entering directory '/home/leticia/Documents/computacion_grafica/Grafica/CMakeFiles/CMakeTmp'
Building C object CMakeFiles/cmTC_c501a.dir/CheckFunctionExists.c.o
/usr/bin/cc    -DCHECK_FUNCTION_EXISTS=pthread_create   -o CMakeFiles/cmTC_c501a.dir/CheckFunctionExists.c.o   -c /usr/share/cmake-3.5/Modules/CheckFunctionExists.c
Linking C executable cmTC_c501a
/usr/bin/cmake -E cmake_link_script CMakeFiles/cmTC_c501a.dir/link.txt --verbose=1
/usr/bin/cc   -DCHECK_FUNCTION_EXISTS=pthread_create    CMakeFiles/cmTC_c501a.dir/CheckFunctionExists.c.o  -o cmTC_c501a -lpthreads 
/usr/bin/ld: cannot find -lpthreads
collect2: error: ld returned 1 exit status
CMakeFiles/cmTC_c501a.dir/build.make:97: recipe for target 'cmTC_c501a' failed
make[1]: *** [cmTC_c501a] Error 1
make[1]: Leaving directory '/home/leticia/Documents/computacion_grafica/Grafica/CMakeFiles/CMakeTmp'
Makefile:126: recipe for target 'cmTC_c501a/fast' failed
make: *** [cmTC_c501a/fast] Error 2


Determining if the pthread_create exist failed with the following output:
Change Dir: /home/richard/Documents/LETI/Grafica/CMakeFiles/CMakeTmp

Run Build Command:"/usr/bin/make" "cmTC_a8434/fast"
/usr/bin/make -f CMakeFiles/cmTC_a8434.dir/build.make CMakeFiles/cmTC_a8434.dir/build
make[1]: Entering directory '/home/richard/Documents/LETI/Grafica/CMakeFiles/CMakeTmp'
Building C object CMakeFiles/cmTC_a8434.dir/CheckSymbolExists.c.o
/usr/bin/cc     -o CMakeFiles/cmTC_a8434.dir/CheckSymbolExists.c.o   -c /home/richard/Documents/LETI/Grafica/CMakeFiles/CMakeTmp/CheckSymbolExists.c
Linking C executable cmTC_a8434
/usr/bin/cmake -E cmake_link_script CMakeFiles/cmTC_a8434.dir/link.txt --verbose=1
/usr/bin/cc       CMakeFiles/cmTC_a8434.dir/CheckSymbolExists.c.o  -o cmTC_a8434 
CMakeFiles/cmTC_a8434.dir/CheckSymbolExists.c.o: In function `main':
CheckSymbolExists.c:(.text+0x16): undefined reference to `pthread_create'
collect2: error: ld returned 1 exit status
CMakeFiles/cmTC_a8434.dir/build.make:97: recipe for target 'cmTC_a8434' failed
make[1]: *** [cmTC_a8434] Error 1
make[1]: Leaving directory '/home/richard/Documents/LETI/Grafica/CMakeFiles/CMakeTmp'
Makefile:126: recipe for target 'cmTC_a8434/fast' failed
make: *** [cmTC_a8434/fast] Error 2

File /home/richard/Documents/LETI/Grafica/CMakeFiles/CMakeTmp/CheckSymbolExists.c:
/* */
#include <pthread.h>

int main(int argc, char** argv)
{
  (void)argv;
#ifndef pthread_create
  return ((int*)(&pthread_create))[argc];
#else
  (void)argc;
  return 0;
#endif
}

Determining if the function pthread_create exists in the pthreads failed with the following output:
Change Dir: /home/richard/Documents/LETI/Grafica/CMakeFiles/CMakeTmp

Run Build Command:"/usr/bin/make" "cmTC_3c015/fast"
/usr/bin/make -f CMakeFiles/cmTC_3c015.dir/build.make CMakeFiles/cmTC_3c015.dir/build
make[1]: Entering directory '/home/richard/Documents/LETI/Grafica/CMakeFiles/CMakeTmp'
Building C object CMakeFiles/cmTC_3c015.dir/CheckFunctionExists.c.o
/usr/bin/cc    -DCHECK_FUNCTION_EXISTS=pthread_create   -o CMakeFiles/cmTC_3c015.dir/CheckFunctionExists.c.o   -c /usr/share/cmake-3.5/Modules/CheckFunctionExists.c
Linking C executable cmTC_3c015
/usr/bin/cmake -E cmake_link_script CMakeFiles/cmTC_3c015.dir/link.txt --verbose=1
/usr/bin/cc   -DCHECK_FUNCTION_EXISTS=pthread_create    CMakeFiles/cmTC_3c015.dir/CheckFunctionExists.c.o  -o cmTC_3c015 -lpthreads 
/usr/bin/ld: cannot find -lpthreads
collect2: error: ld returned 1 exit status
CMakeFiles/cmTC_3c015.dir/build.make:97: recipe for target 'cmTC_3c015' failed
make[1]: *** [cmTC_3c015] Error 1
make[1]: Leaving directory '/home/richard/Documents/LETI/Grafica/CMakeFiles/CMakeTmp'
Makefile:126: recipe for target 'cmTC_3c015/fast' failed
make: *** [cmTC_3c015/fast] Error 2


Determining if the pthread_create exist failed with the following output:
Change Dir: /home/richard/Documents/LETI/Grafica/CMakeFiles/CMakeTmp

Run Build Command:"/usr/bin/make" "cmTC_ec57f/fast"
/usr/bin/make -f CMakeFiles/cmTC_ec57f.dir/build.make CMakeFiles/cmTC_ec57f.dir/build
make[1]: Entering directory '/home/richard/Documents/LETI/Grafica/CMakeFiles/CMakeTmp'
Building C object CMakeFiles/cmTC_ec57f.dir/CheckSymbolExists.c.o
/usr/bin/cc     -o CMakeFiles/cmTC_ec57f.dir/CheckSymbolExists.c.o   -c /home/richard/Documents/LETI/Grafica/CMakeFiles/CMakeTmp/CheckSymbolExists.c
Linking C executable cmTC_ec57f
/usr/bin/cmake -E cmake_link_script CMakeFiles/cmTC_ec57f.dir/link.txt --verbose=1
/usr/bin/cc       CMakeFiles/cmTC_ec57f.dir/CheckSymbolExists.c.o  -o cmTC_ec57f 
CMakeFiles/cmTC_ec57f.dir/CheckSymbolExists.c.o: In function `main':
CheckSymbolExists.c:(.text+0x16): undefined reference to `pthread_create'
collect2: error: ld returned 1 exit status
CMakeFiles/cmTC_ec57f.dir/build.make:97: recipe for target 'cmTC_ec57f' failed
make[1]: *** [cmTC_ec57f] Error 1
make[1]: Leaving directory '/home/richard/Documents/LETI/Grafica/CMakeFiles/CMakeTmp'
Makefile:126: recipe for target 'cmTC_ec57f/fast' failed
make: *** [cmTC_ec57f/fast] Error 2

File /home/richard/Documents/LETI/Grafica/CMakeFiles/CMakeTmp/CheckSymbolExists.c:
/* */
#include <pthread.h>

int main(int argc, char** argv)
{
  (void)argv;
#ifndef pthread_create
  return ((int*)(&pthread_create))[argc];
#else
  (void)argc;
  return 0;
#endif
}

Determining if the function pthread_create exists in the pthreads failed with the following output:
Change Dir: /home/richard/Documents/LETI/Grafica/CMakeFiles/CMakeTmp

Run Build Command:"/usr/bin/make" "cmTC_b7ed9/fast"
/usr/bin/make -f CMakeFiles/cmTC_b7ed9.dir/build.make CMakeFiles/cmTC_b7ed9.dir/build
make[1]: Entering directory '/home/richard/Documents/LETI/Grafica/CMakeFiles/CMakeTmp'
Building C object CMakeFiles/cmTC_b7ed9.dir/CheckFunctionExists.c.o
/usr/bin/cc    -DCHECK_FUNCTION_EXISTS=pthread_create   -o CMakeFiles/cmTC_b7ed9.dir/CheckFunctionExists.c.o   -c /usr/share/cmake-3.5/Modules/CheckFunctionExists.c
Linking C executable cmTC_b7ed9
/usr/bin/cmake -E cmake_link_script CMakeFiles/cmTC_b7ed9.dir/link.txt --verbose=1
/usr/bin/cc   -DCHECK_FUNCTION_EXISTS=pthread_create    CMakeFiles/cmTC_b7ed9.dir/CheckFunctionExists.c.o  -o cmTC_b7ed9 -lpthreads 
/usr/bin/ld: cannot find -lpthreads
collect2: error: ld returned 1 exit status
CMakeFiles/cmTC_b7ed9.dir/build.make:97: recipe for target 'cmTC_b7ed9' failed
make[1]: *** [cmTC_b7ed9] Error 1
make[1]: Leaving directory '/home/richard/Documents/LETI/Grafica/CMakeFiles/CMakeTmp'
Makefile:126: recipe for target 'cmTC_b7ed9/fast' failed
make: *** [cmTC_b7ed9/fast] Error 2


Determining if the pthread_create exist failed with the following output:
Change Dir: /home/richard/Documents/LETI/Grafica/CMakeFiles/CMakeTmp

Run Build Command:"/usr/bin/make" "cmTC_ffee4/fast"
/usr/bin/make -f CMakeFiles/cmTC_ffee4.dir/build.make CMakeFiles/cmTC_ffee4.dir/build
make[1]: Entering directory '/home/richard/Documents/LETI/Grafica/CMakeFiles/CMakeTmp'
Building C object CMakeFiles/cmTC_ffee4.dir/CheckSymbolExists.c.o
/usr/bin/cc     -o CMakeFiles/cmTC_ffee4.dir/CheckSymbolExists.c.o   -c /home/richard/Documents/LETI/Grafica/CMakeFiles/CMakeTmp/CheckSymbolExists.c
Linking C executable cmTC_ffee4
/usr/bin/cmake -E cmake_link_script CMakeFiles/cmTC_ffee4.dir/link.txt --verbose=1
/usr/bin/cc       CMakeFiles/cmTC_ffee4.dir/CheckSymbolExists.c.o  -o cmTC_ffee4 
CMakeFiles/cmTC_ffee4.dir/CheckSymbolExists.c.o: In function `main':
CheckSymbolExists.c:(.text+0x16): undefined reference to `pthread_create'
collect2: error: ld returned 1 exit status
CMakeFiles/cmTC_ffee4.dir/build.make:97: recipe for target 'cmTC_ffee4' failed
make[1]: *** [cmTC_ffee4] Error 1
make[1]: Leaving directory '/home/richard/Documents/LETI/Grafica/CMakeFiles/CMakeTmp'
Makefile:126: recipe for target 'cmTC_ffee4/fast' failed
make: *** [cmTC_ffee4/fast] Error 2

File /home/richard/Documents/LETI/Grafica/CMakeFiles/CMakeTmp/CheckSymbolExists.c:
/* */
#include <pthread.h>

int main(int argc, char** argv)
{
  (void)argv;
#ifndef pthread_create
  return ((int*)(&pthread_create))[argc];
#else
  (void)argc;
  return 0;
#endif
}

Determining if the function pthread_create exists in the pthreads failed with the following output:
Change Dir: /home/richard/Documents/LETI/Grafica/CMakeFiles/CMakeTmp

Run Build Command:"/usr/bin/make" "cmTC_0b614/fast"
/usr/bin/make -f CMakeFiles/cmTC_0b614.dir/build.make CMakeFiles/cmTC_0b614.dir/build
make[1]: Entering directory '/home/richard/Documents/LETI/Grafica/CMakeFiles/CMakeTmp'
Building C object CMakeFiles/cmTC_0b614.dir/CheckFunctionExists.c.o
/usr/bin/cc    -DCHECK_FUNCTION_EXISTS=pthread_create   -o CMakeFiles/cmTC_0b614.dir/CheckFunctionExists.c.o   -c /usr/share/cmake-3.5/Modules/CheckFunctionExists.c
Linking C executable cmTC_0b614
/usr/bin/cmake -E cmake_link_script CMakeFiles/cmTC_0b614.dir/link.txt --verbose=1
/usr/bin/cc   -DCHECK_FUNCTION_EXISTS=pthread_create    CMakeFiles/cmTC_0b614.dir/CheckFunctionExists.c.o  -o cmTC_0b614 -lpthreads 
/usr/bin/ld: cannot find -lpthreads
collect2: error: ld returned 1 exit status
CMakeFiles/cmTC_0b614.dir/build.make:97: recipe for target 'cmTC_0b614' failed
make[1]: *** [cmTC_0b614] Error 1
make[1]: Leaving directory '/home/richard/Documents/LETI/Grafica/CMakeFiles/CMakeTmp'
Makefile:126: recipe for target 'cmTC_0b614/fast' failed
make: *** [cmTC_0b614/fast] Error 2


Determining if the pthread_create exist failed with the following output:
Change Dir: /home/richard/Documents/LETI/Grafica/CMakeFiles/CMakeTmp

Run Build Command:"/usr/bin/make" "cmTC_7bfb8/fast"
/usr/bin/make -f CMakeFiles/cmTC_7bfb8.dir/build.make CMakeFiles/cmTC_7bfb8.dir/build
make[1]: Entering directory '/home/richard/Documents/LETI/Grafica/CMakeFiles/CMakeTmp'
Building C object CMakeFiles/cmTC_7bfb8.dir/CheckSymbolExists.c.o
/usr/bin/cc     -o CMakeFiles/cmTC_7bfb8.dir/CheckSymbolExists.c.o   -c /home/richard/Documents/LETI/Grafica/CMakeFiles/CMakeTmp/CheckSymbolExists.c
Linking C executable cmTC_7bfb8
/usr/bin/cmake -E cmake_link_script CMakeFiles/cmTC_7bfb8.dir/link.txt --verbose=1
/usr/bin/cc       CMakeFiles/cmTC_7bfb8.dir/CheckSymbolExists.c.o  -o cmTC_7bfb8 
CMakeFiles/cmTC_7bfb8.dir/CheckSymbolExists.c.o: In function `main':
CheckSymbolExists.c:(.text+0x16): undefined reference to `pthread_create'
collect2: error: ld returned 1 exit status
CMakeFiles/cmTC_7bfb8.dir/build.make:97: recipe for target 'cmTC_7bfb8' failed
make[1]: *** [cmTC_7bfb8] Error 1
make[1]: Leaving directory '/home/richard/Documents/LETI/Grafica/CMakeFiles/CMakeTmp'
Makefile:126: recipe for target 'cmTC_7bfb8/fast' failed
make: *** [cmTC_7bfb8/fast] Error 2

File /home/richard/Documents/LETI/Grafica/CMakeFiles/CMakeTmp/CheckSymbolExists.c:
/* */
#include <pthread.h>

int main(int argc, char** argv)
{
  (void)argv;
#ifndef pthread_create
  return ((int*)(&pthread_create))[argc];
#else
  (void)argc;
  return 0;
#endif
}

Determining if the function pthread_create exists in the pthreads failed with the following output:
Change Dir: /home/richard/Documents/LETI/Grafica/CMakeFiles/CMakeTmp

Run Build Command:"/usr/bin/make" "cmTC_81f97/fast"
/usr/bin/make -f CMakeFiles/cmTC_81f97.dir/build.make CMakeFiles/cmTC_81f97.dir/build
make[1]: Entering directory '/home/richard/Documents/LETI/Grafica/CMakeFiles/CMakeTmp'
Building C object CMakeFiles/cmTC_81f97.dir/CheckFunctionExists.c.o
/usr/bin/cc    -DCHECK_FUNCTION_EXISTS=pthread_create   -o CMakeFiles/cmTC_81f97.dir/CheckFunctionExists.c.o   -c /usr/share/cmake-3.5/Modules/CheckFunctionExists.c
Linking C executable cmTC_81f97
/usr/bin/cmake -E cmake_link_script CMakeFiles/cmTC_81f97.dir/link.txt --verbose=1
/usr/bin/cc   -DCHECK_FUNCTION_EXISTS=pthread_create    CMakeFiles/cmTC_81f97.dir/CheckFunctionExists.c.o  -o cmTC_81f97 -lpthreads 
/usr/bin/ld: cannot find -lpthreads
collect2: error: ld returned 1 exit status
CMakeFiles/cmTC_81f97.dir/build.make:97: recipe for target 'cmTC_81f97' failed
make[1]: *** [cmTC_81f97] Error 1
make[1]: Leaving directory '/home/richard/Documents/LETI/Grafica/CMakeFiles/CMakeTmp'
Makefile:126: recipe for target 'cmTC_81f97/fast' failed
make: *** [cmTC_81f97/fast] Error 2


Determining if the pthread_create exist failed with the following output:
Change Dir: /home/richard/Documents/LETI/Grafica/CMakeFiles/CMakeTmp

Run Build Command:"/usr/bin/make" "cmTC_494a1/fast"
/usr/bin/make -f CMakeFiles/cmTC_494a1.dir/build.make CMakeFiles/cmTC_494a1.dir/build
make[1]: Entering directory '/home/richard/Documents/LETI/Grafica/CMakeFiles/CMakeTmp'
Building C object CMakeFiles/cmTC_494a1.dir/CheckSymbolExists.c.o
/usr/bin/cc     -o CMakeFiles/cmTC_494a1.dir/CheckSymbolExists.c.o   -c /home/richard/Documents/LETI/Grafica/CMakeFiles/CMakeTmp/CheckSymbolExists.c
Linking C executable cmTC_494a1
/usr/bin/cmake -E cmake_link_script CMakeFiles/cmTC_494a1.dir/link.txt --verbose=1
/usr/bin/cc       CMakeFiles/cmTC_494a1.dir/CheckSymbolExists.c.o  -o cmTC_494a1 
CMakeFiles/cmTC_494a1.dir/CheckSymbolExists.c.o: In function `main':
CheckSymbolExists.c:(.text+0x16): undefined reference to `pthread_create'
collect2: error: ld returned 1 exit status
CMakeFiles/cmTC_494a1.dir/build.make:97: recipe for target 'cmTC_494a1' failed
make[1]: *** [cmTC_494a1] Error 1
make[1]: Leaving directory '/home/richard/Documents/LETI/Grafica/CMakeFiles/CMakeTmp'
Makefile:126: recipe for target 'cmTC_494a1/fast' failed
make: *** [cmTC_494a1/fast] Error 2

File /home/richard/Documents/LETI/Grafica/CMakeFiles/CMakeTmp/CheckSymbolExists.c:
/* */
#include <pthread.h>

int main(int argc, char** argv)
{
  (void)argv;
#ifndef pthread_create
  return ((int*)(&pthread_create))[argc];
#else
  (void)argc;
  return 0;
#endif
}

Determining if the function pthread_create exists in the pthreads failed with the following output:
Change Dir: /home/richard/Documents/LETI/Grafica/CMakeFiles/CMakeTmp

Run Build Command:"/usr/bin/make" "cmTC_4a22d/fast"
/usr/bin/make -f CMakeFiles/cmTC_4a22d.dir/build.make CMakeFiles/cmTC_4a22d.dir/build
make[1]: Entering directory '/home/richard/Documents/LETI/Grafica/CMakeFiles/CMakeTmp'
Building C object CMakeFiles/cmTC_4a22d.dir/CheckFunctionExists.c.o
/usr/bin/cc    -DCHECK_FUNCTION_EXISTS=pthread_create   -o CMakeFiles/cmTC_4a22d.dir/CheckFunctionExists.c.o   -c /usr/share/cmake-3.5/Modules/CheckFunctionExists.c
Linking C executable cmTC_4a22d
/usr/bin/cmake -E cmake_link_script CMakeFiles/cmTC_4a22d.dir/link.txt --verbose=1
/usr/bin/cc   -DCHECK_FUNCTION_EXISTS=pthread_create    CMakeFiles/cmTC_4a22d.dir/CheckFunctionExists.c.o  -o cmTC_4a22d -lpthreads 
/usr/bin/ld: cannot find -lpthreads
collect2: error: ld returned 1 exit status
CMakeFiles/cmTC_4a22d.dir/build.make:97: recipe for target 'cmTC_4a22d' failed
make[1]: *** [cmTC_4a22d] Error 1
make[1]: Leaving directory '/home/richard/Documents/LETI/Grafica/CMakeFiles/CMakeTmp'
Makefile:126: recipe for target 'cmTC_4a22d/fast' failed
make: *** [cmTC_4a22d/fast] Error 2


Determining if the pthread_create exist failed with the following output:
Change Dir: /home/richard/Documents/LETI/Grafica/CMakeFiles/CMakeTmp

Run Build Command:"/usr/bin/make" "cmTC_4e3e4/fast"
/usr/bin/make -f CMakeFiles/cmTC_4e3e4.dir/build.make CMakeFiles/cmTC_4e3e4.dir/build
make[1]: Entering directory '/home/richard/Documents/LETI/Grafica/CMakeFiles/CMakeTmp'
Building C object CMakeFiles/cmTC_4e3e4.dir/CheckSymbolExists.c.o
/usr/bin/cc     -o CMakeFiles/cmTC_4e3e4.dir/CheckSymbolExists.c.o   -c /home/richard/Documents/LETI/Grafica/CMakeFiles/CMakeTmp/CheckSymbolExists.c
Linking C executable cmTC_4e3e4
/usr/bin/cmake -E cmake_link_script CMakeFiles/cmTC_4e3e4.dir/link.txt --verbose=1
/usr/bin/cc       CMakeFiles/cmTC_4e3e4.dir/CheckSymbolExists.c.o  -o cmTC_4e3e4 
CMakeFiles/cmTC_4e3e4.dir/CheckSymbolExists.c.o: In function `main':
CheckSymbolExists.c:(.text+0x16): undefined reference to `pthread_create'
collect2: error: ld returned 1 exit status
CMakeFiles/cmTC_4e3e4.dir/build.make:97: recipe for target 'cmTC_4e3e4' failed
make[1]: *** [cmTC_4e3e4] Error 1
make[1]: Leaving directory '/home/richard/Documents/LETI/Grafica/CMakeFiles/CMakeTmp'
Makefile:126: recipe for target 'cmTC_4e3e4/fast' failed
make: *** [cmTC_4e3e4/fast] Error 2

File /home/richard/Documents/LETI/Grafica/CMakeFiles/CMakeTmp/CheckSymbolExists.c:
/* */
#include <pthread.h>

int main(int argc, char** argv)
{
  (void)argv;
#ifndef pthread_create
  return ((int*)(&pthread_create))[argc];
#else
  (void)argc;
  return 0;
#endif
}

Determining if the function pthread_create exists in the pthreads failed with the following output:
Change Dir: /home/richard/Documents/LETI/Grafica/CMakeFiles/CMakeTmp

Run Build Command:"/usr/bin/make" "cmTC_c9f03/fast"
/usr/bin/make -f CMakeFiles/cmTC_c9f03.dir/build.make CMakeFiles/cmTC_c9f03.dir/build
make[1]: Entering directory '/home/richard/Documents/LETI/Grafica/CMakeFiles/CMakeTmp'
Building C object CMakeFiles/cmTC_c9f03.dir/CheckFunctionExists.c.o
/usr/bin/cc    -DCHECK_FUNCTION_EXISTS=pthread_create   -o CMakeFiles/cmTC_c9f03.dir/CheckFunctionExists.c.o   -c /usr/share/cmake-3.5/Modules/CheckFunctionExists.c
Linking C executable cmTC_c9f03
/usr/bin/cmake -E cmake_link_script CMakeFiles/cmTC_c9f03.dir/link.txt --verbose=1
/usr/bin/cc   -DCHECK_FUNCTION_EXISTS=pthread_create    CMakeFiles/cmTC_c9f03.dir/CheckFunctionExists.c.o  -o cmTC_c9f03 -lpthreads 
/usr/bin/ld: cannot find -lpthreads
collect2: error: ld returned 1 exit status
CMakeFiles/cmTC_c9f03.dir/build.make:97: recipe for target 'cmTC_c9f03' failed
make[1]: *** [cmTC_c9f03] Error 1
make[1]: Leaving directory '/home/richard/Documents/LETI/Grafica/CMakeFiles/CMakeTmp'
Makefile:126: recipe for target 'cmTC_c9f03/fast' failed
make: *** [cmTC_c9f03/fast] Error 2


Determining if the pthread_create exist failed with the following output:
Change Dir: /home/richard/Documents/LETI/Grafica/CMakeFiles/CMakeTmp

Run Build Command:"/usr/bin/make" "cmTC_0b945/fast"
/usr/bin/make -f CMakeFiles/cmTC_0b945.dir/build.make CMakeFiles/cmTC_0b945.dir/build
make[1]: Entering directory '/home/richard/Documents/LETI/Grafica/CMakeFiles/CMakeTmp'
Building C object CMakeFiles/cmTC_0b945.dir/CheckSymbolExists.c.o
/usr/bin/cc     -o CMakeFiles/cmTC_0b945.dir/CheckSymbolExists.c.o   -c /home/richard/Documents/LETI/Grafica/CMakeFiles/CMakeTmp/CheckSymbolExists.c
Linking C executable cmTC_0b945
/usr/bin/cmake -E cmake_link_script CMakeFiles/cmTC_0b945.dir/link.txt --verbose=1
/usr/bin/cc       CMakeFiles/cmTC_0b945.dir/CheckSymbolExists.c.o  -o cmTC_0b945 
CMakeFiles/cmTC_0b945.dir/CheckSymbolExists.c.o: In function `main':
CheckSymbolExists.c:(.text+0x16): undefined reference to `pthread_create'
collect2: error: ld returned 1 exit status
CMakeFiles/cmTC_0b945.dir/build.make:97: recipe for target 'cmTC_0b945' failed
make[1]: *** [cmTC_0b945] Error 1
make[1]: Leaving directory '/home/richard/Documents/LETI/Grafica/CMakeFiles/CMakeTmp'
Makefile:126: recipe for target 'cmTC_0b945/fast' failed
make: *** [cmTC_0b945/fast] Error 2

File /home/richard/Documents/LETI/Grafica/CMakeFiles/CMakeTmp/CheckSymbolExists.c:
/* */
#include <pthread.h>

int main(int argc, char** argv)
{
  (void)argv;
#ifndef pthread_create
  return ((int*)(&pthread_create))[argc];
#else
  (void)argc;
  return 0;
#endif
}

Determining if the function pthread_create exists in the pthreads failed with the following output:
Change Dir: /home/richard/Documents/LETI/Grafica/CMakeFiles/CMakeTmp

Run Build Command:"/usr/bin/make" "cmTC_88731/fast"
/usr/bin/make -f CMakeFiles/cmTC_88731.dir/build.make CMakeFiles/cmTC_88731.dir/build
make[1]: Entering directory '/home/richard/Documents/LETI/Grafica/CMakeFiles/CMakeTmp'
Building C object CMakeFiles/cmTC_88731.dir/CheckFunctionExists.c.o
/usr/bin/cc    -DCHECK_FUNCTION_EXISTS=pthread_create   -o CMakeFiles/cmTC_88731.dir/CheckFunctionExists.c.o   -c /usr/share/cmake-3.5/Modules/CheckFunctionExists.c
Linking C executable cmTC_88731
/usr/bin/cmake -E cmake_link_script CMakeFiles/cmTC_88731.dir/link.txt --verbose=1
/usr/bin/cc   -DCHECK_FUNCTION_EXISTS=pthread_create    CMakeFiles/cmTC_88731.dir/CheckFunctionExists.c.o  -o cmTC_88731 -lpthreads 
/usr/bin/ld: cannot find -lpthreads
collect2: error: ld returned 1 exit status
CMakeFiles/cmTC_88731.dir/build.make:97: recipe for target 'cmTC_88731' failed
make[1]: *** [cmTC_88731] Error 1
make[1]: Leaving directory '/home/richard/Documents/LETI/Grafica/CMakeFiles/CMakeTmp'
Makefile:126: recipe for target 'cmTC_88731/fast' failed
make: *** [cmTC_88731/fast] Error 2


Determining if the pthread_create exist failed with the following output:
Change Dir: /media/leticia/DATOS/Leticia-Pinto-graficos-2017-2/Tarea4/CMakeFiles/CMakeTmp

Run Build Command:"/usr/bin/make" "cmTC_1caea/fast"
/usr/bin/make -f CMakeFiles/cmTC_1caea.dir/build.make CMakeFiles/cmTC_1caea.dir/build
make[1]: Entering directory '/media/leticia/DATOS/Leticia-Pinto-graficos-2017-2/Tarea4/CMakeFiles/CMakeTmp'
Building C object CMakeFiles/cmTC_1caea.dir/CheckSymbolExists.c.o
/usr/bin/cc     -o CMakeFiles/cmTC_1caea.dir/CheckSymbolExists.c.o   -c /media/leticia/DATOS/Leticia-Pinto-graficos-2017-2/Tarea4/CMakeFiles/CMakeTmp/CheckSymbolExists.c
Linking C executable cmTC_1caea
/usr/bin/cmake -E cmake_link_script CMakeFiles/cmTC_1caea.dir/link.txt --verbose=1
/usr/bin/cc       CMakeFiles/cmTC_1caea.dir/CheckSymbolExists.c.o  -o cmTC_1caea 
CMakeFiles/cmTC_1caea.dir/CheckSymbolExists.c.o: In function `main':
CheckSymbolExists.c:(.text+0x16): undefined reference to `pthread_create'
collect2: error: ld returned 1 exit status
CMakeFiles/cmTC_1caea.dir/build.make:97: recipe for target 'cmTC_1caea' failed
make[1]: *** [cmTC_1caea] Error 1
make[1]: Leaving directory '/media/leticia/DATOS/Leticia-Pinto-graficos-2017-2/Tarea4/CMakeFiles/CMakeTmp'
Makefile:126: recipe for target 'cmTC_1caea/fast' failed
make: *** [cmTC_1caea/fast] Error 2

File /media/leticia/DATOS/Leticia-Pinto-graficos-2017-2/Tarea4/CMakeFiles/CMakeTmp/CheckSymbolExists.c:
/* */
#include <pthread.h>

int main(int argc, char** argv)
{
  (void)argv;
#ifndef pthread_create
  return ((int*)(&pthread_create))[argc];
#else
  (void)argc;
  return 0;
#endif
}

Determining if the function pthread_create exists in the pthreads failed with the following output:
Change Dir: /media/leticia/DATOS/Leticia-Pinto-graficos-2017-2/Tarea4/CMakeFiles/CMakeTmp

Run Build Command:"/usr/bin/make" "cmTC_994e6/fast"
/usr/bin/make -f CMakeFiles/cmTC_994e6.dir/build.make CMakeFiles/cmTC_994e6.dir/build
make[1]: Entering directory '/media/leticia/DATOS/Leticia-Pinto-graficos-2017-2/Tarea4/CMakeFiles/CMakeTmp'
Building C object CMakeFiles/cmTC_994e6.dir/CheckFunctionExists.c.o
/usr/bin/cc    -DCHECK_FUNCTION_EXISTS=pthread_create   -o CMakeFiles/cmTC_994e6.dir/CheckFunctionExists.c.o   -c /usr/share/cmake-3.5/Modules/CheckFunctionExists.c
Linking C executable cmTC_994e6
/usr/bin/cmake -E cmake_link_script CMakeFiles/cmTC_994e6.dir/link.txt --verbose=1
/usr/bin/cc   -DCHECK_FUNCTION_EXISTS=pthread_create    CMakeFiles/cmTC_994e6.dir/CheckFunctionExists.c.o  -o cmTC_994e6 -lpthreads 
/usr/bin/ld: cannot find -lpthreads
collect2: error: ld returned 1 exit status
CMakeFiles/cmTC_994e6.dir/build.make:97: recipe for target 'cmTC_994e6' failed
make[1]: *** [cmTC_994e6] Error 1
make[1]: Leaving directory '/media/leticia/DATOS/Leticia-Pinto-graficos-2017-2/Tarea4/CMakeFiles/CMakeTmp'
Makefile:126: recipe for target 'cmTC_994e6/fast' failed
make: *** [cmTC_994e6/fast] Error 2


